python: can't open file 'cifar10_trian.py': [Errno 2] No such file or directory
WARNING:tensorflow:From cifar10_train.py:32: The name tf.placeholder is deprecated. Please use tf.compat.v1.placeholder instead.

WARNING:tensorflow:From /home/dz/resnet-in-tensorflow/resnet.py:180: The name tf.variable_scope is deprecated. Please use tf.compat.v1.variable_scope instead.

WARNING:tensorflow:
The TensorFlow contrib module will not be included in TensorFlow 2.0.
For more information, please see:
  * https://github.com/tensorflow/community/blob/master/rfcs/20180907-contrib-sunset.md
  * https://github.com/tensorflow/addons
  * https://github.com/tensorflow/io (for I/O related ops)
If you depend on functionality not listed there, please file an issue.

WARNING:tensorflow:From /home/dz/resnet-in-tensorflow/resnet.py:42: The name tf.get_variable is deprecated. Please use tf.compat.v1.get_variable instead.

WARNING:tensorflow:From /home/dz/resnet-in-tensorflow/resnet.py:77: calling __init__ (from tensorflow.python.ops.init_ops) with dtype is deprecated and will be removed in a future version.
Instructions for updating:
Call initializer instance with the dtype argument instead of passing it to the constructor
WARNING:tensorflow:From /home/dz/resnet-in-tensorflow/resnet.py:19: The name tf.summary.histogram is deprecated. Please use tf.compat.v1.summary.histogram instead.

WARNING:tensorflow:From /home/dz/resnet-in-tensorflow/resnet.py:20: The name tf.summary.scalar is deprecated. Please use tf.compat.v1.summary.scalar instead.

WARNING:tensorflow:From /home/dz/resnet-in-tensorflow/resnet.py:158: The name tf.nn.avg_pool is deprecated. Please use tf.nn.avg_pool2d instead.

WARNING:tensorflow:From /home/dz/.conda/envs/py27tf1/lib/python2.7/site-packages/tensorflow/python/util/deprecation.py:507: __init__ (from tensorflow.python.ops.init_ops) is deprecated and will be removed in a future version.
Instructions for updating:
Use tf.initializers.variance_scaling instead with distribution=uniform to get equivalent behavior.
WARNING:tensorflow:From cifar10_train.py:61: The name tf.get_collection is deprecated. Please use tf.compat.v1.get_collection instead.

WARNING:tensorflow:From cifar10_train.py:61: The name tf.GraphKeys is deprecated. Please use tf.compat.v1.GraphKeys instead.

WARNING:tensorflow:From cifar10_train.py:305: to_float (from tensorflow.python.ops.math_ops) is deprecated and will be removed in a future version.
Instructions for updating:
Use `tf.cast` instead.
WARNING:tensorflow:From cifar10_train.py:365: The name tf.train.AdamOptimizer is deprecated. Please use tf.compat.v1.train.AdamOptimizer instead.

WARNING:tensorflow:From cifar10_train.py:95: The name tf.train.Saver is deprecated. Please use tf.compat.v1.train.Saver instead.

WARNING:tensorflow:From cifar10_train.py:96: The name tf.summary.merge_all is deprecated. Please use tf.compat.v1.summary.merge_all instead.

WARNING:tensorflow:From /home/dz/.conda/envs/py27tf1/lib/python2.7/site-packages/tensorflow/python/util/tf_should_use.py:193: initialize_all_variables (from tensorflow.python.ops.variables) is deprecated and will be removed after 2017-03-02.
Instructions for updating:
Use `tf.global_variables_initializer` instead.
2021-01-03 07:10:22.387021: I tensorflow/core/platform/cpu_feature_guard.cc:142] Your CPU supports instructions that this TensorFlow binary was not compiled to use: SSE4.1 SSE4.2 AVX AVX2 FMA
2021-01-03 07:10:22.424505: I tensorflow/core/platform/profile_utils/cpu_utils.cc:94] CPU Frequency: 2194980000 Hz
2021-01-03 07:10:22.431198: I tensorflow/compiler/xla/service/service.cc:168] XLA service 0x55a121ea17d0 executing computations on platform Host. Devices:
2021-01-03 07:10:22.431277: I tensorflow/compiler/xla/service/service.cc:175]   StreamExecutor device (0): <undefined>, <undefined>
2021-01-03 07:10:22.432871: I tensorflow/stream_executor/platform/default/dso_loader.cc:42] Successfully opened dynamic library libcuda.so.1
2021-01-03 07:10:22.506615: I tensorflow/core/common_runtime/gpu/gpu_device.cc:1640] Found device 0 with properties: 
name: Tesla V100-SXM2-32GB major: 7 minor: 0 memoryClockRate(GHz): 1.53
pciBusID: 0000:89:00.0
2021-01-03 07:10:22.506975: I tensorflow/stream_executor/platform/default/dso_loader.cc:42] Successfully opened dynamic library libcudart.so.10.1
2021-01-03 07:10:22.509899: I tensorflow/stream_executor/platform/default/dso_loader.cc:42] Successfully opened dynamic library libcublas.so.10
2021-01-03 07:10:22.512316: I tensorflow/stream_executor/platform/default/dso_loader.cc:42] Successfully opened dynamic library libcufft.so.10
2021-01-03 07:10:22.512779: I tensorflow/stream_executor/platform/default/dso_loader.cc:42] Successfully opened dynamic library libcurand.so.10
2021-01-03 07:10:22.515905: I tensorflow/stream_executor/platform/default/dso_loader.cc:42] Successfully opened dynamic library libcusolver.so.10
2021-01-03 07:10:22.517316: I tensorflow/stream_executor/platform/default/dso_loader.cc:42] Successfully opened dynamic library libcusparse.so.10
2021-01-03 07:10:22.522491: I tensorflow/stream_executor/platform/default/dso_loader.cc:42] Successfully opened dynamic library libcudnn.so.7
2021-01-03 07:10:22.529662: I tensorflow/core/common_runtime/gpu/gpu_device.cc:1763] Adding visible gpu devices: 0
2021-01-03 07:10:22.529735: I tensorflow/stream_executor/platform/default/dso_loader.cc:42] Successfully opened dynamic library libcudart.so.10.1
2021-01-03 07:10:22.875767: I tensorflow/core/common_runtime/gpu/gpu_device.cc:1181] Device interconnect StreamExecutor with strength 1 edge matrix:
2021-01-03 07:10:22.875835: I tensorflow/core/common_runtime/gpu/gpu_device.cc:1187]      0 
2021-01-03 07:10:22.875865: I tensorflow/core/common_runtime/gpu/gpu_device.cc:1200] 0:   N 
2021-01-03 07:10:22.887228: I tensorflow/core/common_runtime/gpu/gpu_device.cc:1326] Created TensorFlow device (/job:localhost/replica:0/task:0/device:GPU:0 with 30591 MB memory) -> physical GPU (device: 0, name: Tesla V100-SXM2-32GB, pci bus id: 0000:89:00.0, compute capability: 7.0)
2021-01-03 07:10:22.889545: I tensorflow/compiler/xla/service/service.cc:168] XLA service 0x55a1247b93b0 executing computations on platform CUDA. Devices:
2021-01-03 07:10:22.889578: I tensorflow/compiler/xla/service/service.cc:175]   StreamExecutor device (0): Tesla V100-SXM2-32GB, Compute Capability 7.0
2021-01-03 07:10:23.399812: W tensorflow/compiler/jit/mark_for_compilation_pass.cc:1412] (One-time warning): Not using XLA:CPU for cluster because envvar TF_XLA_FLAGS=--tf_xla_cpu_global_jit was not set.  If you want XLA:CPU, either set that envvar, or use experimental_jit_scope to enable XLA:CPU.  To confirm that XLA is active, pass --vmodule=xla_compilation_cache=1 (as a proper command-line flag, not via TF_XLA_FLAGS) or set the envvar XLA_FLAGS=--xla_hlo_profile.
WARNING:tensorflow:From cifar10_train.py:116: The name tf.summary.FileWriter is deprecated. Please use tf.compat.v1.summary.FileWriter instead.

2021-01-03 07:10:24.874037: I tensorflow/stream_executor/platform/default/dso_loader.cc:42] Successfully opened dynamic library libcublas.so.10
2021-01-03 07:10:25.169246: I tensorflow/stream_executor/platform/default/dso_loader.cc:42] Successfully opened dynamic library libcudnn.so.7
Reading images from cifar10_data/cifar-10-batches-py/data_batch_1
Reading images from cifar10_data/cifar-10-batches-py/data_batch_2
Reading images from cifar10_data/cifar-10-batches-py/data_batch_3
Reading images from cifar10_data/cifar-10-batches-py/data_batch_4
Reading images from cifar10_data/cifar-10-batches-py/data_batch_5
Shuffling
Reading images from cifar10_data/cifar-10-batches-py/test_batch
Shuffling
Start training...
----------------------------
2021-01-03 07:10:33.007435: step 0, loss = 2.3395 (62.7 examples/sec; 2.043 sec/batch)
Train top1 error =  0.890625
Validation top1 error = 0.8929
Validation loss =  2.3731418
----------------------------
2021-01-03 07:11:34.177538: step 391, loss = 0.8624 (894.6 examples/sec; 0.143 sec/batch)
Train top1 error =  0.328125
Validation top1 error = 0.3167
Validation loss =  0.89017045
----------------------------
2021-01-03 07:12:34.966895: step 782, loss = 0.6189 (1098.0 examples/sec; 0.117 sec/batch)
Train top1 error =  0.2109375
Validation top1 error = 0.2288
Validation loss =  0.663852
----------------------------
2021-01-03 07:13:35.715666: step 1173, loss = 0.5015 (921.4 examples/sec; 0.139 sec/batch)
Train top1 error =  0.140625
Validation top1 error = 0.1840
Validation loss =  0.5255125
----------------------------
2021-01-03 07:14:36.995427: step 1564, loss = 0.5139 (985.0 examples/sec; 0.130 sec/batch)
Train top1 error =  0.1796875
Validation top1 error = 0.1751
Validation loss =  0.51880074
----------------------------
2021-01-03 07:15:37.966537: step 1955, loss = 0.1878 (986.9 examples/sec; 0.130 sec/batch)
Train top1 error =  0.0859375
Validation top1 error = 0.1505
Validation loss =  0.44097552
----------------------------
2021-01-03 07:16:38.882788: step 2346, loss = 0.2729 (938.3 examples/sec; 0.136 sec/batch)
Train top1 error =  0.09375
Validation top1 error = 0.1428
Validation loss =  0.42188662
----------------------------
2021-01-03 07:17:39.830718: step 2737, loss = 0.2628 (937.8 examples/sec; 0.136 sec/batch)
Train top1 error =  0.0859375
Validation top1 error = 0.1407
Validation loss =  0.41478628
----------------------------
2021-01-03 07:18:40.873045: step 3128, loss = 0.3121 (935.5 examples/sec; 0.137 sec/batch)
Train top1 error =  0.1015625
Validation top1 error = 0.1437
Validation loss =  0.42916465
----------------------------
2021-01-03 07:19:42.248988: step 3519, loss = 0.2687 (935.2 examples/sec; 0.137 sec/batch)
Train top1 error =  0.09375
Validation top1 error = 0.1304
Validation loss =  0.40131655
----------------------------
2021-01-03 07:20:43.096439: step 3910, loss = 0.0943 (976.1 examples/sec; 0.131 sec/batch)
Train top1 error =  0.0078125
Validation top1 error = 0.1274
Validation loss =  0.37792635
----------------------------
2021-01-03 07:21:43.948916: step 4301, loss = 0.1848 (934.3 examples/sec; 0.137 sec/batch)
Train top1 error =  0.0546875
Validation top1 error = 0.1263
Validation loss =  0.38863117
----------------------------
2021-01-03 07:22:45.265034: step 4692, loss = 0.2836 (1006.9 examples/sec; 0.127 sec/batch)
Train top1 error =  0.0859375
Validation top1 error = 0.1191
Validation loss =  0.373855
----------------------------
2021-01-03 07:23:46.642087: step 5083, loss = 0.1329 (922.2 examples/sec; 0.139 sec/batch)
Train top1 error =  0.046875
Validation top1 error = 0.1199
Validation loss =  0.3731802
----------------------------
2021-01-03 07:24:47.542737: step 5474, loss = 0.1345 (1157.9 examples/sec; 0.111 sec/batch)
Train top1 error =  0.0625
Validation top1 error = 0.1161
Validation loss =  0.38676983
----------------------------
2021-01-03 07:25:48.643758: step 5865, loss = 0.1198 (941.2 examples/sec; 0.136 sec/batch)
Train top1 error =  0.0625
Validation top1 error = 0.1163
Validation loss =  0.3698445
----------------------------
2021-01-03 07:26:49.525440: step 6256, loss = 0.0924 (923.6 examples/sec; 0.139 sec/batch)
Train top1 error =  0.0234375
Validation top1 error = 0.1037
Validation loss =  0.346932
----------------------------
2021-01-03 07:27:50.749469: step 6647, loss = 0.2089 (941.3 examples/sec; 0.136 sec/batch)
Train top1 error =  0.0625
Validation top1 error = 0.1031
Validation loss =  0.35339734
----------------------------
2021-01-03 07:28:51.513745: step 7038, loss = 0.0770 (1111.0 examples/sec; 0.115 sec/batch)
Train top1 error =  0.03125
Validation top1 error = 0.1056
Validation loss =  0.3641372
----------------------------
2021-01-03 07:29:52.615149: step 7429, loss = 0.0735 (912.3 examples/sec; 0.140 sec/batch)
Train top1 error =  0.015625
Validation top1 error = 0.1089
Validation loss =  0.38177115
----------------------------
2021-01-03 07:30:54.062437: step 7820, loss = 0.1380 (948.6 examples/sec; 0.135 sec/batch)
Train top1 error =  0.046875
Validation top1 error = 0.1078
Validation loss =  0.38509348
----------------------------
2021-01-03 07:31:54.598212: step 8211, loss = 0.0668 (944.5 examples/sec; 0.136 sec/batch)
Train top1 error =  0.0234375
Validation top1 error = 0.0979
Validation loss =  0.35313404
----------------------------
2021-01-03 07:32:55.206630: step 8602, loss = 0.1159 (988.2 examples/sec; 0.130 sec/batch)
Train top1 error =  0.0390625
Validation top1 error = 0.0984
Validation loss =  0.35235697
----------------------------
2021-01-03 07:33:56.299262: step 8993, loss = 0.1065 (898.7 examples/sec; 0.142 sec/batch)
Train top1 error =  0.0234375
Validation top1 error = 0.1038
Validation loss =  0.3670309
----------------------------
2021-01-03 07:34:57.326925: step 9384, loss = 0.1163 (974.8 examples/sec; 0.131 sec/batch)
Train top1 error =  0.0390625
Validation top1 error = 0.1097
Validation loss =  0.3956552
----------------------------
2021-01-03 07:35:58.785484: step 9775, loss = 0.0470 (980.1 examples/sec; 0.131 sec/batch)
Train top1 error =  0.015625
Validation top1 error = 0.1072
Validation loss =  0.408363
----------------------------
